<?xml version="1.0" encoding="UTF-8"?>
<!-- Generated by org.testng.reporters.JUnitReportReporter -->
<testsuite hostname="Amans-MacBook-Air-3.local" failures="0" tests="3" name="BrowserTest.BrowserNavigationTest" time="254.840" errors="0" timestamp="2026-07-15T12:47:17 IST" skipped="0">
  <testcase classname="BrowserTest.BrowserNavigationTest" name="navigationTest" time="103.958"/>
  <testcase classname="BrowserTest.BrowserNavigationTest" name="navigationTest" time="105.386"/>
  <testcase classname="BrowserTest.BrowserNavigationTest" name="navigationTest" time="45.496"/>
</testsuite> <!-- BrowserTest.BrowserNavigationTest -->
