<?xml version="1.0" encoding="UTF-8"?>
<!-- Generated by org.testng.reporters.JUnitReportReporter -->
<testsuite hostname="Amans-MacBook-Air-3.local" failures="0" tests="3" name="Browser_Commands.Browser_Commands_Chrome_Demo" time="75.798" errors="0" timestamp="2026-07-16T22:02:22 IST" skipped="0">
  <testcase classname="Browser_Commands.Browser_Commands_Chrome_Demo" name="ChromeBrowserTest" time="27.522"/>
  <testcase classname="Browser_Commands.Browser_Commands_Chrome_Demo" name="EdgeBrowserTest" time="24.807"/>
  <testcase classname="Browser_Commands.Browser_Commands_Chrome_Demo" name="FireFoxBrowserTest" time="23.469"/>
</testsuite> <!-- Browser_Commands.Browser_Commands_Chrome_Demo -->
