<?xml version="1.0" encoding="UTF-8"?>
<testng-results ignored="0" total="1" passed="1" failed="0" skipped="0">
  <reporter-output>
  </reporter-output>
  <suite started-at="2026-07-16T21:41:58 IST" name="Default suite" finished-at="2026-07-16T21:43:01 IST" duration-ms="63332">
    <groups>
    </groups>
    <test started-at="2026-07-16T21:41:58 IST" name="Default test" finished-at="2026-07-16T21:43:01 IST" duration-ms="63332">
      <class name="Selenium_WebDriver_Alerts_Demo.JavaScriptAlerts">
        <test-method signature="TestPopups()[pri:0, instance:Selenium_WebDriver_Alerts_Demo.JavaScriptAlerts@4659191b]" started-at="2026-07-16T21:41:58 IST" name="TestPopups" finished-at="2026-07-16T21:43:01 IST" duration-ms="63247" status="PASS">
          <reporter-output>
          </reporter-output>
        </test-method> <!-- TestPopups -->
      </class> <!-- Selenium_WebDriver_Alerts_Demo.JavaScriptAlerts -->
    </test> <!-- Default test -->
  </suite> <!-- Default suite -->
</testng-results>
