<?xml version="1.0" encoding="UTF-8"?>
<testng-results ignored="0" total="1" passed="1" failed="0" skipped="0">
  <reporter-output>
  </reporter-output>
  <suite started-at="2026-07-16T23:48:14 IST" name="Default suite" finished-at="2026-07-16T23:55:13 IST" duration-ms="418265">
    <groups>
    </groups>
    <test started-at="2026-07-16T23:48:14 IST" name="Default test" finished-at="2026-07-16T23:55:13 IST" duration-ms="418265">
      <class name="Com.Selenium_Webdriver.locator.LocatorClassDemo">
        <test-method signature="Hollandtest()[pri:0, instance:Com.Selenium_Webdriver.locator.LocatorClassDemo@59505b48]" started-at="2026-07-16T23:48:14 IST" name="Hollandtest" finished-at="2026-07-16T23:55:13 IST" duration-ms="418148" status="PASS">
          <reporter-output>
          </reporter-output>
        </test-method> <!-- Hollandtest -->
      </class> <!-- Com.Selenium_Webdriver.locator.LocatorClassDemo -->
    </test> <!-- Default test -->
  </suite> <!-- Default suite -->
</testng-results>
